INFO:root:Process List Raw: 
INFO:root:Process List Raw: 
INFO:root:Process List Raw: 
INFO:root:Process List Raw: 
INFO:root:Process List Raw: 
INFO:root:Process List Raw: 
INFO:root:Process List Raw: 
INFO:root:Process List Raw: 2,PENDING,1,0-6,0 (PENDING)

INFO:root:Process List Raw: 2,PENDING,1,0-6,0 (PENDING)

INFO:root:Process List Raw: 2,PENDING,1,0-6,0 (PENDING)
3,PENDING,1,7-13,0 (PENDING)

INFO:root:Process List Raw: 2,PENDING,1,0-6,0 (PENDING)
3,PENDING,1,7-13,0 (PENDING)

INFO:root:Process List Raw: 2,PENDING,1,0-6,0 (PENDING)
3,PENDING,1,7-13,0 (PENDING)
4,PENDING,1,14-22,0 (PENDING)

INFO:root:Process List Raw: 2,PENDING,1,0-6,0 (PENDING)
3,PENDING,1,7-13,0 (PENDING)
4,PENDING,1,14-22,0 (PENDING)

INFO:root:Process List Raw: 3,READY,1,7-13,0
4,READY,1,14-22,0
2,RUNNING,1,0-6,1 (RUNNING)

INFO:root:Process List Raw: 3,READY,1,7-13,0
4,READY,1,14-22,0
2,BLOCKED,1,0-6,1

INFO:root:Process List Raw: 1,PENDING,1,0-6,0 (PENDING)

INFO:root:Process List Raw: 1,PENDING,1,0-6,0 (PENDING)

INFO:root:Process List Raw: 1,PENDING,1,0-6,0 (PENDING)
2,PENDING,1,7-13,0 (PENDING)

INFO:root:Process List Raw: 1,PENDING,1,0-6,0 (PENDING)
2,PENDING,1,7-13,0 (PENDING)

INFO:root:Process List Raw: 1,PENDING,1,0-6,0 (PENDING)
2,PENDING,1,7-13,0 (PENDING)
3,PENDING,1,14-22,0 (PENDING)

INFO:root:Process List Raw: 1,PENDING,1,0-6,0 (PENDING)
2,PENDING,1,7-13,0 (PENDING)
3,PENDING,1,14-22,0 (PENDING)

INFO:root:Process List Raw: 2,READY,1,7-13,0
3,READY,1,14-22,0
1,RUNNING,1,0-6,1 (RUNNING)

INFO:root:Process List Raw: 2,READY,1,7-13,0
3,READY,1,14-22,0
1,BLOCKED,1,0-6,1

INFO:root:Process List Raw: 3,READY,1,14-22,0
1,READY,1,0-6,1
2,BLOCKED,1,7-13,0

INFO:root:Process List Raw: 1,READY,1,0-6,1
2,BLOCKED,1,7-13,0
3,BLOCKED,1,14-22,0

INFO:root:Process List Raw: 2,BLOCKED,1,7-13,0
3,BLOCKED,1,14-22,0
1,RUNNING,1,0-6,2 (RUNNING)

INFO:root:Process List Raw: 2,BLOCKED,1,7-13,0
3,BLOCKED,1,14-22,0
1,BLOCKED,1,0-6,2

INFO:root:Process List Raw: 2,BLOCKED,1,7-13,0
3,BLOCKED,1,14-22,0
1,RUNNING,1,0-6,3 (RUNNING)

INFO:root:Process List Raw: 2,READY,1,7-13,0
3,BLOCKED,1,14-22,0
1,RUNNING,1,0-6,4 (RUNNING)

INFO:root:Process List Raw: 2,READY,1,7-13,0
3,BLOCKED,1,14-22,0
1,RUNNING,1,0-6,5 (RUNNING)

INFO:root:Process List Raw: 2,READY,1,7-13,0
3,BLOCKED,1,14-22,0
1,RUNNING,1,0-6,6 (RUNNING)

INFO:root:Process List Raw: 2,READY,1,7-13,0
3,BLOCKED,1,14-22,0

INFO:root:Process List Raw: 3,BLOCKED,1,14-22,0
2,RUNNING,1,7-13,1 (RUNNING)

INFO:root:Process List Raw: 3,BLOCKED,1,14-22,0
2,BLOCKED,1,7-13,1

INFO:root:Process List Raw: 3,BLOCKED,1,14-22,0
2,RUNNING,1,7-13,2 (RUNNING)

INFO:root:Process List Raw: 3,BLOCKED,1,14-22,0
2,BLOCKED,1,7-13,2

INFO:root:Process List Raw: 3,BLOCKED,1,14-22,0
2,RUNNING,1,7-13,3 (RUNNING)

INFO:root:Process List Raw: 3,READY,1,14-22,0
2,RUNNING,1,7-13,4 (RUNNING)

INFO:root:Process List Raw: 3,READY,1,14-22,0
2,RUNNING,1,7-13,5 (RUNNING)

INFO:root:Process List Raw: 3,READY,1,14-22,0
2,RUNNING,1,7-13,6 (RUNNING)

INFO:root:Process List Raw: 3,READY,1,14-22,0

INFO:root:Process List Raw: 3,RUNNING,1,14-22,1 (RUNNING)

INFO:root:Process List Raw: 3,BLOCKED,1,14-22,1

INFO:root:Process List Raw: 3,RUNNING,1,14-22,2 (RUNNING)

INFO:root:Process List Raw: 3,RUNNING,1,14-22,3 (RUNNING)

INFO:root:Process List Raw: 3,RUNNING,1,14-22,4 (RUNNING)

INFO:root:Process List Raw: 3,RUNNING,1,14-22,5 (RUNNING)

INFO:root:Process List Raw: 3,RUNNING,1,14-22,6 (RUNNING)

INFO:root:Process List Raw: 3,RUNNING,1,14-22,7 (RUNNING)

INFO:root:Process List Raw: 3,RUNNING,1,14-22,8 (RUNNING)

INFO:root:Process List Raw: 
INFO:root:Process List Raw: 1,PENDING,1,0-6,0 (PENDING)

INFO:root:Process List Raw: 1,PENDING,1,0-6,0 (PENDING)

INFO:root:Process List Raw: 1,PENDING,1,0-6,0 (PENDING)
2,PENDING,1,7-13,0 (PENDING)

INFO:root:Process List Raw: 1,PENDING,1,0-6,0 (PENDING)
2,PENDING,1,7-13,0 (PENDING)

INFO:root:Process List Raw: 1,PENDING,1,0-6,0 (PENDING)
2,PENDING,1,7-13,0 (PENDING)
3,PENDING,1,14-22,0 (PENDING)

INFO:root:Process List Raw: 1,PENDING,1,0-6,0 (PENDING)
2,PENDING,1,7-13,0 (PENDING)
3,PENDING,1,14-22,0 (PENDING)

INFO:root:Process List Raw: 1,READY,1,0-6,1
2,PENDING,1,7-13,0 (PENDING)
3,PENDING,1,14-22,0 (PENDING)

INFO:root:Process List Raw: 1,BLOCKED,1,0-6,1
2,PENDING,1,7-13,0 (PENDING)
3,PENDING,1,14-22,0 (PENDING)

INFO:root:Process List Raw: 2,READY,1,7-13,0
1,READY,1,0-6,2
3,PENDING,1,14-22,0 (PENDING)

INFO:root:Process List Raw: 1,READY,1,0-6,2
3,READY,1,14-22,0
2,BLOCKED,1,7-13,0

INFO:root:Process List Raw: 3,READY,1,14-22,0
2,BLOCKED,1,7-13,0
1,BLOCKED,1,0-6,2

INFO:root:Process List Raw: 1,READY,1,0-6,2
2,BLOCKED,1,7-13,0
3,BLOCKED,1,14-22,0

INFO:root:Process List Raw: 1,READY,1,0-6,3
2,BLOCKED,1,7-13,0
3,BLOCKED,1,14-22,0

INFO:root:Process List Raw: 2,READY,1,7-13,0
1,READY,1,0-6,4
3,BLOCKED,1,14-22,0

INFO:root:Process List Raw: 1,READY,1,0-6,4
2,READY,1,7-13,1
3,BLOCKED,1,14-22,0

INFO:root:Process List Raw: 2,READY,1,7-13,1
1,READY,1,0-6,5
3,BLOCKED,1,14-22,0

INFO:root:Process List Raw: 1,READY,1,0-6,5
3,BLOCKED,1,14-22,0
2,BLOCKED,1,7-13,1

INFO:root:Process List Raw: 2,READY,1,7-13,1
1,READY,1,0-6,6
3,BLOCKED,1,14-22,0

INFO:root:Process List Raw: 1,READY,1,0-6,6
2,READY,1,7-13,2
3,BLOCKED,1,14-22,0

INFO:root:Process List Raw: 2,READY,1,7-13,2
3,BLOCKED,1,14-22,0

INFO:root:Process List Raw: 3,BLOCKED,1,14-22,0
2,BLOCKED,1,7-13,2

INFO:root:Process List Raw: 2,READY,1,7-13,3
3,BLOCKED,1,14-22,0

INFO:root:Process List Raw: 3,READY,1,14-22,0
2,READY,1,7-13,4

INFO:root:Process List Raw: 2,READY,1,7-13,4
3,READY,1,14-22,1

INFO:root:Process List Raw: 3,READY,1,14-22,1
2,READY,1,7-13,5

INFO:root:Process List Raw: 2,READY,1,7-13,5
3,BLOCKED,1,14-22,1

INFO:root:Process List Raw: 3,READY,1,14-22,1
2,READY,1,7-13,6

INFO:root:Process List Raw: 2,READY,1,7-13,6
3,READY,1,14-22,2

INFO:root:Process List Raw: 3,READY,1,14-22,2

INFO:root:Process List Raw: 3,READY,1,14-22,3

INFO:root:Process List Raw: 3,READY,1,14-22,4

INFO:root:Process List Raw: 3,READY,1,14-22,5

INFO:root:Process List Raw: 3,READY,1,14-22,6

INFO:root:Process List Raw: 3,READY,1,14-22,7

INFO:root:Process List Raw: 3,READY,1,14-22,8

INFO:root:Process List Raw: 
INFO:root:Process List Raw: 1,PENDING,1,0-6,0 (PENDING)

INFO:root:Process List Raw: 1,PENDING,1,0-6,0 (PENDING)

INFO:root:Process List Raw: 1,PENDING,1,0-6,0 (PENDING)
2,PENDING,1,7-13,0 (PENDING)

INFO:root:Process List Raw: 1,PENDING,1,0-6,0 (PENDING)
2,PENDING,1,7-13,0 (PENDING)

INFO:root:Process List Raw: 1,PENDING,1,0-6,0 (PENDING)
2,PENDING,1,7-13,0 (PENDING)
3,PENDING,1,14-22,0 (PENDING)

INFO:root:Process List Raw: 1,PENDING,1,0-6,0 (PENDING)
2,PENDING,1,7-13,0 (PENDING)
3,PENDING,1,14-22,0 (PENDING)

INFO:root:Process List Raw: 2,READY,1,7-13,0
1,READY,1,0-6,1
3,PENDING,1,14-22,0 (PENDING)

INFO:root:Process List Raw: 1,READY,1,0-6,1
3,READY,1,14-22,0
2,BLOCKED,1,7-13,0

INFO:root:Process List Raw: 3,READY,1,14-22,0
2,BLOCKED,1,7-13,0
1,BLOCKED,1,0-6,1

INFO:root:Process List Raw: 1,READY,1,0-6,1
2,BLOCKED,1,7-13,0
3,BLOCKED,1,14-22,0

INFO:root:Process List Raw: 1,READY,1,0-6,2
2,BLOCKED,1,7-13,0
3,BLOCKED,1,14-22,0

INFO:root:Process List Raw: 2,BLOCKED,1,7-13,0
3,BLOCKED,1,14-22,0
1,BLOCKED,1,0-6,2

INFO:root:Process List Raw: 1,READY,1,0-6,3
2,BLOCKED,1,7-13,0
3,BLOCKED,1,14-22,0

INFO:root:Process List Raw: 2,READY,1,7-13,0
1,READY,1,0-6,4
3,BLOCKED,1,14-22,0

INFO:root:Process List Raw: 1,READY,1,0-6,4
2,READY,1,7-13,1
3,BLOCKED,1,14-22,0

INFO:root:Process List Raw: 2,READY,1,7-13,1
1,READY,1,0-6,5
3,BLOCKED,1,14-22,0

INFO:root:Process List Raw: 1,READY,1,0-6,5
3,BLOCKED,1,14-22,0
2,BLOCKED,1,7-13,1

INFO:root:Process List Raw: 2,READY,1,7-13,1
1,READY,1,0-6,6
3,BLOCKED,1,14-22,0

INFO:root:Process List Raw: 1,READY,1,0-6,6
2,READY,1,7-13,2
3,BLOCKED,1,14-22,0

INFO:root:Process List Raw: 2,READY,1,7-13,2
3,BLOCKED,1,14-22,0

INFO:root:Process List Raw: 3,BLOCKED,1,14-22,0
2,BLOCKED,1,7-13,2

INFO:root:Process List Raw: 2,READY,1,7-13,3
3,BLOCKED,1,14-22,0

INFO:root:Process List Raw: 3,READY,1,14-22,0
2,READY,1,7-13,4

INFO:root:Process List Raw: 2,READY,1,7-13,4
3,READY,1,14-22,1

INFO:root:Process List Raw: 3,READY,1,14-22,1
2,READY,1,7-13,5

INFO:root:Process List Raw: 2,READY,1,7-13,5
3,BLOCKED,1,14-22,1

INFO:root:Process List Raw: 3,READY,1,14-22,1
2,READY,1,7-13,6

INFO:root:Process List Raw: 2,READY,1,7-13,6
3,READY,1,14-22,2

INFO:root:Process List Raw: 3,READY,1,14-22,2

INFO:root:Process List Raw: 3,READY,1,14-22,3

INFO:root:Process List Raw: 3,READY,1,14-22,4

INFO:root:Process List Raw: 3,READY,1,14-22,5

INFO:root:Process List Raw: 3,READY,1,14-22,6

INFO:root:Process List Raw: 3,READY,1,14-22,7

INFO:root:Process List Raw: 3,READY,1,14-22,8

INFO:root:Process List Raw: 
INFO:root:Process List Raw: 1,PENDING,1,0-6,0 (PENDING)

INFO:root:Process List Raw: 1,PENDING,1,0-6,0 (PENDING)

INFO:root:Process List Raw: 1,RUNNING,1,0-6,1 (RUNNING)

INFO:root:Process List Raw: 1,BLOCKED,1,0-6,1

INFO:root:Process List Raw: 1,RUNNING,1,0-6,2 (RUNNING)

INFO:root:Process List Raw: 1,BLOCKED,1,0-6,2

INFO:root:Process List Raw: 1,RUNNING,1,0-6,3 (RUNNING)

INFO:root:Process List Raw: 1,RUNNING,1,0-6,4 (RUNNING)

INFO:root:Process List Raw: 1,RUNNING,1,0-6,5 (RUNNING)

INFO:root:Process List Raw: 1,RUNNING,1,0-6,6 (RUNNING)

INFO:root:Process List Raw: 
INFO:root:Process List Raw: 
INFO:root:Process List Raw: 2,PENDING,1,0-6,0 (PENDING)

INFO:root:Process List Raw: 2,PENDING,1,0-6,0 (PENDING)

INFO:root:Process List Raw: 2,RUNNING,1,0-6,1 (RUNNING)

INFO:root:Process List Raw: 2,BLOCKED,1,0-6,1

INFO:root:Process List Raw: 2,RUNNING,1,0-6,2 (RUNNING)

INFO:root:Process List Raw: 2,BLOCKED,1,0-6,2

INFO:root:Process List Raw: 2,RUNNING,1,0-6,3 (RUNNING)

INFO:root:Process List Raw: 2,RUNNING,1,0-6,4 (RUNNING)

INFO:root:Process List Raw: 2,RUNNING,1,0-6,5 (RUNNING)

INFO:root:Process List Raw: 2,RUNNING,1,0-6,6 (RUNNING)

INFO:root:Process List Raw: 
INFO:root:Process List Raw: 
INFO:root:Process List Raw: 3,PENDING,1,0-8,0 (PENDING)

INFO:root:Process List Raw: 3,PENDING,1,0-8,0 (PENDING)

INFO:root:Process List Raw: 3,RUNNING,1,0-8,1 (RUNNING)

INFO:root:Process List Raw: 3,BLOCKED,1,0-8,1

INFO:root:Process List Raw: 3,RUNNING,1,0-8,2 (RUNNING)

INFO:root:Process List Raw: 3,RUNNING,1,0-8,3 (RUNNING)

INFO:root:Process List Raw: 3,RUNNING,1,0-8,4 (RUNNING)

INFO:root:Process List Raw: 3,RUNNING,1,0-8,5 (RUNNING)

INFO:root:Process List Raw: 3,RUNNING,1,0-8,6 (RUNNING)

INFO:root:Process List Raw: 3,RUNNING,1,0-8,7 (RUNNING)

INFO:root:Process List Raw: 3,RUNNING,1,0-8,8 (RUNNING)

INFO:root:Process List Raw: 
INFO:root:Process List Raw: 
INFO:root:Process List Raw: 4,PENDING,1,0-8,0 (PENDING)
5,PENDING,1,9-15,0 (PENDING)
6,PENDING,1,16-22,0 (PENDING)

INFO:root:Process List Raw: 5,READY,1,9-15,0
4,READY,1,0-8,1
6,PENDING,1,16-22,0 (PENDING)

INFO:root:Process List Raw: 4,READY,1,0-8,1
5,BLOCKED,1,9-15,0
6,PENDING,1,16-22,0 (PENDING)

INFO:root:Process List Raw: 6,READY,1,16-22,0
5,BLOCKED,1,9-15,0
4,BLOCKED,1,0-8,1

INFO:root:Process List Raw: 1,PENDING,1,0-8,0 (PENDING)
2,PENDING,1,9-15,0 (PENDING)
3,PENDING,1,16-22,0 (PENDING)

INFO:root:Process List Raw: 2,READY,1,9-15,0
1,READY,1,0-8,1
3,PENDING,1,16-22,0 (PENDING)

INFO:root:Process List Raw: 1,READY,1,0-8,1
2,BLOCKED,1,9-15,0
3,PENDING,1,16-22,0 (PENDING)

INFO:root:Process List Raw: 3,READY,1,16-22,0
2,BLOCKED,1,9-15,0
1,BLOCKED,1,0-8,1

INFO:root:Process List Raw: 1,READY,1,0-8,1
2,BLOCKED,1,9-15,0
3,BLOCKED,1,16-22,0

INFO:root:Process List Raw: 1,READY,1,0-8,2
2,BLOCKED,1,9-15,0
3,BLOCKED,1,16-22,0

INFO:root:Process List Raw: 2,READY,1,9-15,0
1,READY,1,0-8,3
3,BLOCKED,1,16-22,0

INFO:root:Process List Raw: 1,READY,1,0-8,3
2,READY,1,9-15,1
3,BLOCKED,1,16-22,0

INFO:root:Process List Raw: 2,READY,1,9-15,1
1,READY,1,0-8,4
3,BLOCKED,1,16-22,0

INFO:root:Process List Raw: 1,READY,1,0-8,4
3,BLOCKED,1,16-22,0
2,BLOCKED,1,9-15,1

INFO:root:Process List Raw: 2,READY,1,9-15,1
1,READY,1,0-8,5
3,BLOCKED,1,16-22,0

INFO:root:Process List Raw: 1,READY,1,0-8,5
2,READY,1,9-15,2
3,BLOCKED,1,16-22,0

INFO:root:Process List Raw: 2,READY,1,9-15,2
1,READY,1,0-8,6
3,BLOCKED,1,16-22,0

INFO:root:Process List Raw: 1,READY,1,0-8,6
3,BLOCKED,1,16-22,0
2,BLOCKED,1,9-15,2

INFO:root:Process List Raw: 2,READY,1,9-15,2
1,READY,1,0-8,7
3,BLOCKED,1,16-22,0

INFO:root:Process List Raw: 1,READY,1,0-8,7
2,READY,1,9-15,3
3,BLOCKED,1,16-22,0

INFO:root:Process List Raw: 2,READY,1,9-15,3
1,READY,1,0-8,8
3,BLOCKED,1,16-22,0

INFO:root:Process List Raw: 1,READY,1,0-8,8
3,READY,1,16-22,0
2,READY,1,9-15,4

INFO:root:Process List Raw: 3,READY,1,16-22,0
2,READY,1,9-15,4

INFO:root:Process List Raw: 2,READY,1,9-15,4
3,READY,1,16-22,1

INFO:root:Process List Raw: 3,READY,1,16-22,1
2,READY,1,9-15,5

INFO:root:Process List Raw: 2,READY,1,9-15,5
3,BLOCKED,1,16-22,1

INFO:root:Process List Raw: 3,READY,1,16-22,1
2,READY,1,9-15,6

INFO:root:Process List Raw: 2,READY,1,9-15,6
3,READY,1,16-22,2

INFO:root:Process List Raw: 3,READY,1,16-22,2

INFO:root:Process List Raw: 3,BLOCKED,1,16-22,2

INFO:root:Process List Raw: 3,READY,1,16-22,3

INFO:root:Process List Raw: 3,READY,1,16-22,4

INFO:root:Process List Raw: 3,READY,1,16-22,5

INFO:root:Process List Raw: 3,READY,1,16-22,6

INFO:root:Process List Raw: 
INFO:root:Process List Raw: 1,PENDING,1,0-8,0 (PENDING)
2,PENDING,1,9-15,0 (PENDING)
3,PENDING,1,16-22,0 (PENDING)

INFO:root:Process List Raw: 2,READY,1,9-15,0
1,READY,1,0-8,1
3,PENDING,1,16-22,0 (PENDING)

INFO:root:Process List Raw: 1,READY,1,0-8,1
2,BLOCKED,1,9-15,0
3,PENDING,1,16-22,0 (PENDING)

INFO:root:Process List Raw: 3,READY,1,16-22,0
2,BLOCKED,1,9-15,0
1,BLOCKED,1,0-8,1

INFO:root:Process List Raw: 1,READY,1,0-8,1
2,BLOCKED,1,9-15,0
3,BLOCKED,1,16-22,0

INFO:root:Process List Raw: 1,READY,1,0-8,2
2,BLOCKED,1,9-15,0
3,BLOCKED,1,16-22,0

INFO:root:Process List Raw: 2,READY,1,9-15,0
1,READY,1,0-8,3
3,BLOCKED,1,16-22,0

INFO:root:Process List Raw: 1,READY,1,0-8,3
2,READY,1,9-15,1
3,BLOCKED,1,16-22,0

INFO:root:Process List Raw: 2,READY,1,9-15,1
1,READY,1,0-8,4
3,BLOCKED,1,16-22,0

INFO:root:Process List Raw: 1,READY,1,0-8,4
3,BLOCKED,1,16-22,0
2,BLOCKED,1,9-15,1

INFO:root:Process List Raw: 1,READY,1,0-8,5
3,BLOCKED,1,16-22,0
2,BLOCKED,1,9-15,1

INFO:root:Process List Raw: 1,READY,1,0-8,6
3,BLOCKED,1,16-22,0
2,BLOCKED,1,9-15,1

INFO:root:Process List Raw: 1,READY,1,0-8,7
3,BLOCKED,1,16-22,0
2,BLOCKED,1,9-15,1

INFO:root:Process List Raw: 2,READY,1,9-15,1
1,READY,1,0-8,8
3,BLOCKED,1,16-22,0

INFO:root:Process List Raw: 1,READY,1,0-8,8
2,READY,1,9-15,2
3,BLOCKED,1,16-22,0

INFO:root:Process List Raw: 2,READY,1,9-15,2
3,BLOCKED,1,16-22,0

INFO:root:Process List Raw: 3,BLOCKED,1,16-22,0
2,BLOCKED,1,9-15,2

INFO:root:Process List Raw: 2,READY,1,9-15,3
3,BLOCKED,1,16-22,0

INFO:root:Process List Raw: 3,READY,1,16-22,0
2,READY,1,9-15,4

INFO:root:Process List Raw: 2,READY,1,9-15,4
3,READY,1,16-22,1

